{
  "RSpec": {
    "coverage": {
      "/Users/alejandroclaveir/Projects/DevBorn/mejuri/robot-world/app/decorators/computer_component_decorator.rb": {
        "lines": [
          1,
          1,
          4,
          null,
          null,
          1,
          3,
          null,
          null
        ]
      },
      "/Users/alejandroclaveir/Projects/DevBorn/mejuri/robot-world/app/jobs/robot_builder_job.rb": {
        "lines": [
          1,
          1,
          1,
          null,
          1,
          2,
          2,
          2,
          null,
          2,
          20,
          null,
          20,
          null,
          null,
          null,
          null,
          20,
          null,
          null,
          20,
          20,
          120,
          null,
          null,
          120,
          null,
          120,
          null,
          null,
          null,
          null
        ]
      },
      "/Users/alejandroclaveir/Projects/DevBorn/mejuri/robot-world/app/jobs/robot_buyer_job.rb": {
        "lines": [
          1,
          1,
          1,
          null,
          null,
          1,
          3,
          3,
          null,
          null,
          3,
          null,
          null,
          3,
          2,
          2,
          null,
          2,
          null,
          null,
          null
        ]
      },
      "/Users/alejandroclaveir/Projects/DevBorn/mejuri/robot-world/app/jobs/robot_change_order_request_job.rb": {
        "lines": [
          1,
          1,
          1,
          null,
          null,
          1,
          2,
          null,
          null,
          2,
          null,
          null,
          2,
          null,
          1,
          null,
          1,
          null,
          null,
          1,
          1,
          null,
          1,
          1,
          null,
          null,
          1,
          1,
          null,
          1,
          1,
          null,
          null,
          null,
          null
        ]
      },
      "/Users/alejandroclaveir/Projects/DevBorn/mejuri/robot-world/app/jobs/robot_guard_notification_job.rb": {
        "lines": [
          1,
          1,
          1,
          null,
          1,
          2,
          null,
          2,
          1,
          null,
          1,
          null,
          null,
          null,
          null,
          null,
          1,
          null,
          null,
          null
        ]
      },
      "/Users/alejandroclaveir/Projects/DevBorn/mejuri/robot-world/app/jobs/robot_guard_stock_management_job.rb": {
        "lines": [
          1,
          1,
          1,
          null,
          null,
          1,
          2,
          null,
          2,
          2,
          2,
          null,
          null,
          null,
          2,
          null,
          2,
          null,
          null
        ]
      },
      "/Users/alejandroclaveir/Projects/DevBorn/mejuri/robot-world/app/models/assembly_line.rb": {
        "lines": [
          null,
          null,
          null,
          null,
          null,
          null,
          null,
          null,
          null,
          null,
          null,
          null,
          null,
          null,
          null,
          1,
          null,
          1,
          null,
          1,
          null
        ]
      },
      "/Users/alejandroclaveir/Projects/DevBorn/mejuri/robot-world/app/models/car.rb": {
        "lines": [
          null,
          null,
          null,
          null,
          null,
          null,
          null,
          null,
          null,
          null,
          null,
          null,
          null,
          null,
          null,
          null,
          null,
          1,
          null,
          1,
          1,
          1,
          null,
          1,
          1,
          null,
          1,
          null,
          3,
          null,
          1,
          2,
          null,
          null,
          1,
          4,
          null,
          null,
          1,
          1,
          59,
          1,
          null,
          null,
          null
        ]
      },
      "/Users/alejandroclaveir/Projects/DevBorn/mejuri/robot-world/app/models/change_order.rb": {
        "lines": [
          null,
          null,
          null,
          null,
          null,
          null,
          null,
          null,
          null,
          null,
          null,
          null,
          null,
          null,
          null,
          null,
          1,
          null,
          1,
          1,
          1,
          null,
          null
        ]
      },
      "/Users/alejandroclaveir/Projects/DevBorn/mejuri/robot-world/app/models/factory.rb": {
        "lines": [
          null,
          null,
          null,
          null,
          null,
          null,
          null,
          null,
          null,
          1,
          null,
          1,
          null,
          1,
          null
        ]
      },
      "/Users/alejandroclaveir/Projects/DevBorn/mejuri/robot-world/app/models/model.rb": {
        "lines": [
          null,
          null,
          null,
          null,
          null,
          null,
          null,
          null,
          null,
          null,
          null,
          null,
          1,
          null,
          1,
          null,
          1,
          1,
          null
        ]
      },
      "/Users/alejandroclaveir/Projects/DevBorn/mejuri/robot-world/app/models/order.rb": {
        "lines": [
          null,
          null,
          null,
          null,
          null,
          null,
          null,
          null,
          null,
          null,
          null,
          null,
          null,
          null,
          1,
          null,
          1,
          null,
          1,
          null,
          1,
          null
        ]
      },
      "/Users/alejandroclaveir/Projects/DevBorn/mejuri/robot-world/app/factories/car_factory.rb": {
        "lines": [
          1,
          null,
          null,
          null,
          null,
          null,
          null,
          1,
          20,
          null,
          20,
          null,
          null,
          null,
          null
        ]
      },
      "/Users/alejandroclaveir/Projects/DevBorn/mejuri/robot-world/app/factories/component_factory.rb": {
        "lines": [
          1,
          null,
          null,
          null,
          null,
          null,
          null,
          1,
          120,
          null,
          null,
          null,
          null,
          null,
          null
        ]
      },
      "/Users/alejandroclaveir/Projects/DevBorn/mejuri/robot-world/app/factories/order_factory.rb": {
        "lines": [
          1,
          null,
          null,
          null,
          null,
          null,
          1,
          3,
          null,
          null,
          null,
          null,
          null
        ]
      },
      "/Users/alejandroclaveir/Projects/DevBorn/mejuri/robot-world/app/models/salehouse.rb": {
        "lines": [
          1,
          1,
          null,
          1,
          null,
          1,
          4,
          null,
          null,
          1,
          4,
          null,
          null,
          1,
          2,
          null,
          null,
          1,
          0,
          null,
          null
        ]
      },
      "/Users/alejandroclaveir/Projects/DevBorn/mejuri/robot-world/app/factories/change_order_factory.rb": {
        "lines": [
          1,
          null,
          null,
          null,
          null,
          null,
          null,
          1,
          1,
          null,
          null,
          null,
          null,
          null,
          null
        ]
      },
      "/Users/alejandroclaveir/Projects/DevBorn/mejuri/robot-world/app/models/warehouse.rb": {
        "lines": [
          1,
          1,
          null,
          1,
          null,
          1,
          4,
          null,
          null,
          1,
          4,
          null,
          null,
          1,
          0,
          null,
          null
        ]
      }
    },
    "timestamp": 1602979215
  }
}
